  Source.cpp
D:\AIUB\C++ PROGRAMMING\VISUAL STUDIO FOR PRACTICE\MATRIX_MULTIPLICATION\MATRIX_MULTIPLICATION\Source.cpp(8,11): error C2131: expression did not evaluate to a constant
D:\AIUB\C++ PROGRAMMING\VISUAL STUDIO FOR PRACTICE\MATRIX_MULTIPLICATION\MATRIX_MULTIPLICATION\Source.cpp(8,11): message : failure was caused by a read of a variable outside its lifetime
D:\AIUB\C++ PROGRAMMING\VISUAL STUDIO FOR PRACTICE\MATRIX_MULTIPLICATION\MATRIX_MULTIPLICATION\Source.cpp(8,11): message : see usage of 'N'
D:\AIUB\C++ PROGRAMMING\VISUAL STUDIO FOR PRACTICE\MATRIX_MULTIPLICATION\MATRIX_MULTIPLICATION\Source.cpp(8,14): error C2131: expression did not evaluate to a constant
D:\AIUB\C++ PROGRAMMING\VISUAL STUDIO FOR PRACTICE\MATRIX_MULTIPLICATION\MATRIX_MULTIPLICATION\Source.cpp(8,14): message : failure was caused by a read of a variable outside its lifetime
D:\AIUB\C++ PROGRAMMING\VISUAL STUDIO FOR PRACTICE\MATRIX_MULTIPLICATION\MATRIX_MULTIPLICATION\Source.cpp(8,14): message : see usage of 'N'
D:\AIUB\C++ PROGRAMMING\VISUAL STUDIO FOR PRACTICE\MATRIX_MULTIPLICATION\MATRIX_MULTIPLICATION\Source.cpp(14,8): warning C4552: '>>': result of expression not used
D:\AIUB\C++ PROGRAMMING\VISUAL STUDIO FOR PRACTICE\MATRIX_MULTIPLICATION\MATRIX_MULTIPLICATION\Source.cpp(18,11): error C2131: expression did not evaluate to a constant
D:\AIUB\C++ PROGRAMMING\VISUAL STUDIO FOR PRACTICE\MATRIX_MULTIPLICATION\MATRIX_MULTIPLICATION\Source.cpp(18,11): message : failure was caused by a read of a variable outside its lifetime
D:\AIUB\C++ PROGRAMMING\VISUAL STUDIO FOR PRACTICE\MATRIX_MULTIPLICATION\MATRIX_MULTIPLICATION\Source.cpp(18,11): message : see usage of 'N'
D:\AIUB\C++ PROGRAMMING\VISUAL STUDIO FOR PRACTICE\MATRIX_MULTIPLICATION\MATRIX_MULTIPLICATION\Source.cpp(18,14): error C2131: expression did not evaluate to a constant
D:\AIUB\C++ PROGRAMMING\VISUAL STUDIO FOR PRACTICE\MATRIX_MULTIPLICATION\MATRIX_MULTIPLICATION\Source.cpp(18,14): message : failure was caused by a read of a variable outside its lifetime
D:\AIUB\C++ PROGRAMMING\VISUAL STUDIO FOR PRACTICE\MATRIX_MULTIPLICATION\MATRIX_MULTIPLICATION\Source.cpp(18,14): message : see usage of 'N'
D:\AIUB\C++ PROGRAMMING\VISUAL STUDIO FOR PRACTICE\MATRIX_MULTIPLICATION\MATRIX_MULTIPLICATION\Source.cpp(23,8): warning C4552: '>>': result of expression not used
D:\AIUB\C++ PROGRAMMING\VISUAL STUDIO FOR PRACTICE\MATRIX_MULTIPLICATION\MATRIX_MULTIPLICATION\Source.cpp(26,10): error C2131: expression did not evaluate to a constant
D:\AIUB\C++ PROGRAMMING\VISUAL STUDIO FOR PRACTICE\MATRIX_MULTIPLICATION\MATRIX_MULTIPLICATION\Source.cpp(26,10): message : failure was caused by a read of a variable outside its lifetime
D:\AIUB\C++ PROGRAMMING\VISUAL STUDIO FOR PRACTICE\MATRIX_MULTIPLICATION\MATRIX_MULTIPLICATION\Source.cpp(26,10): message : see usage of 'N'
D:\AIUB\C++ PROGRAMMING\VISUAL STUDIO FOR PRACTICE\MATRIX_MULTIPLICATION\MATRIX_MULTIPLICATION\Source.cpp(26,13): error C2131: expression did not evaluate to a constant
D:\AIUB\C++ PROGRAMMING\VISUAL STUDIO FOR PRACTICE\MATRIX_MULTIPLICATION\MATRIX_MULTIPLICATION\Source.cpp(26,13): message : failure was caused by a read of a variable outside its lifetime
D:\AIUB\C++ PROGRAMMING\VISUAL STUDIO FOR PRACTICE\MATRIX_MULTIPLICATION\MATRIX_MULTIPLICATION\Source.cpp(26,13): message : see usage of 'N'
D:\AIUB\C++ PROGRAMMING\VISUAL STUDIO FOR PRACTICE\MATRIX_MULTIPLICATION\MATRIX_MULTIPLICATION\Source.cpp(31,17): error C3863: array type 'int [N][N]' is not assignable
D:\AIUB\C++ PROGRAMMING\VISUAL STUDIO FOR PRACTICE\MATRIX_MULTIPLICATION\MATRIX_MULTIPLICATION\Source.cpp(43,22): warning C4552: '<<': result of expression not used
